<?xml version="1.0" encoding="UTF-8"?>
<testsuite xmlns:xsi="http://www.w3.org/2001/XMLSchema-instance" xsi:noNamespaceSchemaLocation="https://maven.apache.org/surefire/maven-surefire-plugin/xsd/surefire-test-report-3.0.xsd" version="3.0" name="programmer.zaman.now.maven.AppTest" time="0.4" tests="3" errors="0" skipped="0" failures="0">
  <properties>
[...]
</properties>
  <testcase name="shouldAnswerWithTrue" classname="programmer.zaman.now.maven.AppTest" time="0.144">
    <system-out><![CDATA[Set up App instance before test.
Clean up after test.
]]></system-out>
  </testcase>
  <testcase name="testSum" classname="programmer.zaman.now.maven.AppTest" time="0.005">
    <system-out><![CDATA[Set up App instance before test.
Clean up after test.
]]></system-out>
  </testcase>
  <testcase name="testIsActive" classname="programmer.zaman.now.maven.AppTest" time="0.004">
    <system-out><![CDATA[Set up App instance before test.
Clean up after test.
]]></system-out>
  </testcase>
</testsuite>